<?xml version="1.0" encoding="UTF-8"?>
<!-- Generated by org.testng.reporters.JUnitReportReporter -->
<testsuite hostname="DESKTOP-RRBKSRC" failures="0" tests="4" name="test.Third" time="0.011" errors="0" timestamp="2024-03-18T21:21:28 IST" skipped="0">
  <testcase classname="test.Third" name="login" time="0.002"/>
  <system-out/>
  <testcase classname="test.Third" name="login" time="0.002"/>
  <system-out/>
  <testcase classname="test.Third" name="smokeFirst" time="0.004"/>
  <system-out/>
  <testcase classname="test.Third" name="login" time="0.003"/>
  <system-out/>
</testsuite> <!-- test.Third -->
