<?xml version="1.0" encoding="UTF-8"?>
<!-- Generated by org.testng.reporters.JUnitReportReporter -->
<testsuite hostname="DESKTOP-RRBKSRC" failures="0" tests="2" name="test.Second" time="0.010" errors="0" timestamp="2024-03-18T21:21:28 IST" skipped="1">
  <testcase classname="test.Second" name="mobilecats" time="0.010"/>
  <system-out/>
  <testcase classname="test.Second" name="mobiledogs">
    <skipped/>
  </testcase> <!-- mobiledogs -->
  <system-out/>
</testsuite> <!-- test.Second -->
